<?xml version="1.0" encoding="UTF-8"?>
<testsuite name="it.unibo.deathnote.TestDeathNote" tests="6" skipped="0" failures="0" errors="0" timestamp="2023-11-17T12:34:06" hostname="LAPTOP-NNMOS41G" time="6.282">
  <properties/>
  <testcase name="testIsNameWritten()" classname="it.unibo.deathnote.TestDeathNote" time="0.012"/>
  <testcase name="testRules()" classname="it.unibo.deathnote.TestDeathNote" time="0.002"/>
  <testcase name="testWriteDeathCause()" classname="it.unibo.deathnote.TestDeathNote" time="0.161"/>
  <testcase name="testGetRule()" classname="it.unibo.deathnote.TestDeathNote" time="0.0"/>
  <testcase name="testInitialization()" classname="it.unibo.deathnote.TestDeathNote" time="0.001"/>
  <testcase name="testWriteDetails()" classname="it.unibo.deathnote.TestDeathNote" time="6.102"/>
  <system-out><![CDATA[]]></system-out>
  <system-err><![CDATA[]]></system-err>
</testsuite>
